Running: C:\Xilinx\14.7\ISE_DS\ISE\bin\nt64\unwrapped\fuse.exe -intstyle ise -incremental -lib unisims_ver -lib unimacro_ver -lib xilinxcorelib_ver -o C:/Users/Guy/Documents/ReTReO/ReTReO/ReTReO_T_isim_beh.exe -prj C:/Users/Guy/Documents/ReTReO/ReTReO/ReTReO_T_beh.prj work.ReTReO_T work.glbl 
ISim P.20131013 (signature 0x7708f090)
Number of CPUs detected in this system: 4
Turning on mult-threading, number of parallel sub-compilation jobs: 8 
Determining compilation order of HDL files
Analyzing Verilog file "C:/Users/Guy/Documents/ReTReO/ReTReO/Reg_Block.v" into library work
Analyzing Verilog file "C:/Users/Guy/Documents/ReTReO/ReTReO/RAM.v" into library work
Analyzing Verilog file "C:/Users/Guy/Documents/ReTReO/ReTReO/PC_Mod.v" into library work
Analyzing Verilog file "C:/Users/Guy/Documents/ReTReO/ReTReO/ALU.v" into library work
Analyzing Verilog file "C:/Users/Guy/Documents/ReTReO/ReTReO/ReTReO.v" into library work
Analyzing Verilog file "C:/Users/Guy/Documents/ReTReO/ReTReO/ReTReO_T.v" into library work
Analyzing Verilog file "C:/Xilinx/14.7/ISE_DS/ISE//verilog/src/glbl.v" into library work
Starting static elaboration
Completed static elaboration
Compiling module PC_Mod
Compiling module ALU
Compiling module Reg_Block_default
Compiling module RAM_default
Compiling module ReTReO
Compiling module ReTReO_T
Compiling module glbl
Time Resolution for simulation is 1ps.
Waiting for 1 sub-compilation(s) to finish...
Compiled 7 Verilog Units
Built simulation executable C:/Users/Guy/Documents/ReTReO/ReTReO/ReTReO_T_isim_beh.exe
Fuse Memory Usage: 27880 KB
Fuse CPU Usage: 468 ms
