Command line:
   ALU_T_isim_beh.exe
     -simmode  gui
     -simrunnum  0
     -socket  64438

Tue Jul 25 00:43:02 2017


 Elaboration Time: 0.046875 sec

 Current Memory Usage: 846.242 Meg

 Total Signals          : 20
 Total Nets             : 70
 Total Signal Drivers   : 12
 Total Blocks           : 3
 Total Primitive Blocks : 2
 Total Processes        : 16
 Total Traceable Variables  : 32
 Total Scalar Nets and Variables : 261
Total Line Count : 65

 Total Simulation Time: 0.078125 sec

 Current Memory Usage: 688.955 Meg

Tue Jul 25 00:45:57 2017

