Command line:
   PC_Mod_T_isim_beh.exe
     -simmode  gui
     -simrunnum  0
     -socket  58665

Tue Aug 01 14:06:36 2017


 Elaboration Time: 0.03125 sec

 Current Memory Usage: 846.197 Meg

 Total Signals          : 23
 Total Nets             : 43
 Total Signal Drivers   : 15
 Total Blocks           : 3
 Total Primitive Blocks : 2
 Total Processes        : 20
 Total Traceable Variables  : 29
 Total Scalar Nets and Variables : 202
Total Line Count : 102

 Total Simulation Time: 0.046875 sec

 Current Memory Usage: 1160.77 Meg

Tue Aug 01 14:07:16 2017

