Command line:
   RAM_T_isim_beh.exe
     -simmode  gui
     -simrunnum  0
     -socket  58661

Tue Aug 01 14:05:06 2017


 Elaboration Time: 0.03125 sec

 Current Memory Usage: 846.184 Meg

 Total Signals          : 22
 Total Nets             : 75
 Total Signal Drivers   : 12
 Total Blocks           : 3
 Total Primitive Blocks : 2
 Total Processes        : 15
 Total Traceable Variables  : 27
 Total Scalar Nets and Variables : 1289
Total Line Count : 42

 Total Simulation Time: 0.046875 sec

 Current Memory Usage: 846.184 Meg

Tue Aug 01 14:05:23 2017

