Command line:
   ReTReO_T_isim_beh.exe
     -simmode  gui
     -simrunnum  0
     -socket  65014

Wed Aug 02 14:04:55 2017


 Elaboration Time: 0.046875 sec

 Current Memory Usage: 845.722 Meg

 Total Signals          : 51
 Total Nets             : 225
 Total Signal Drivers   : 31
 Total Blocks           : 7
 Total Primitive Blocks : 5
 Total Processes        : 45
 Total Traceable Variables  : 70
 Total Scalar Nets and Variables : 2179
Total Line Count : 162

 Total Simulation Time: 0.0625 sec

 Current Memory Usage: 845.722 Meg

Wed Aug 02 14:05:11 2017

