Command line:
   PC_Mod_isim_beh.exe
     -simmode  gui
     -simrunnum  0
     -socket  64969

Wed Aug 02 13:48:11 2017


 Elaboration Time: 0.03125 sec

 Current Memory Usage: 846.18 Meg

 Total Signals          : 22
 Total Nets             : 43
 Total Signal Drivers   : 9
 Total Blocks           : 2
 Total Primitive Blocks : 2
 Total Processes        : 13
 Total Traceable Variables  : 23
 Total Scalar Nets and Variables : 181
Total Line Count : 30

 Total Simulation Time: 0.078125 sec

 Current Memory Usage: 1160.75 Meg

Wed Aug 02 13:49:04 2017

