Command line:
   Reg_Block_T_isim_beh.exe
     -simmode  gui
     -simrunnum  0
     -socket  58663

Tue Aug 01 14:05:33 2017


 Elaboration Time: 0.03125 sec

 Current Memory Usage: 846.209 Meg

 Total Signals          : 18
 Total Nets             : 62
 Total Signal Drivers   : 10
 Total Blocks           : 3
 Total Primitive Blocks : 2
 Total Processes        : 14
 Total Traceable Variables  : 29
 Total Scalar Nets and Variables : 511
Total Line Count : 70

 Total Simulation Time: 0.0625 sec

 Current Memory Usage: 1160.78 Meg

Tue Aug 01 14:06:23 2017

